----------------------------------------------------------------
Sun Dec 06 11:22:57 AST 2020:
Booting Derby version The Apache Software Foundation - Apache Derby - 10.14.2.0 - (1828579): instance a816c00e-0176-3725-8fd6-0000110776e0 
on database directory memory:/media/ninja/500GB ubuntu/projects/spring boot/course-api/14900f48-e837-44a0-99d9-ddb588f14adf with class loader jdk.internal.loader.ClassLoaders$AppClassLoader@3d4eac69 
Loaded from file:/home/ninja/.m2/repository/org/apache/derby/derby/10.14.2.0/derby-10.14.2.0.jar
java.vendor=Ubuntu
java.runtime.version=11.0.9.1+1-Ubuntu-0ubuntu1.20.10
user.dir=/media/ninja/500GB ubuntu/projects/spring boot/course-api
os.name=Linux
os.arch=amd64
os.version=5.8.0-31-generic
derby.system.home=null
Database Class Loader started - derby.database.classpath=''
----------------------------------------------------------------
Sun Dec 06 11:36:01 AST 2020:
Shutting down instance a816c00e-0176-3725-8fd6-0000110776e0 on database directory memory:/media/ninja/500GB ubuntu/projects/spring boot/course-api/14900f48-e837-44a0-99d9-ddb588f14adf with class loader jdk.internal.loader.ClassLoaders$AppClassLoader@3d4eac69 
----------------------------------------------------------------
Sun Dec 06 11:36:02 AST 2020:
Booting Derby version The Apache Software Foundation - Apache Derby - 10.14.2.0 - (1828579): instance 52da80c5-0176-3725-8fd6-0000110776e0 
on database directory memory:/media/ninja/500GB ubuntu/projects/spring boot/course-api/8196ebf8-22ad-4e81-a48e-6a73d02fb5a8 with class loader jdk.internal.loader.ClassLoaders$AppClassLoader@3d4eac69 
Loaded from file:/home/ninja/.m2/repository/org/apache/derby/derby/10.14.2.0/derby-10.14.2.0.jar
java.vendor=Ubuntu
java.runtime.version=11.0.9.1+1-Ubuntu-0ubuntu1.20.10
user.dir=/media/ninja/500GB ubuntu/projects/spring boot/course-api
os.name=Linux
os.arch=amd64
os.version=5.8.0-31-generic
derby.system.home=null
Database Class Loader started - derby.database.classpath=''
----------------------------------------------------------------
Sun Dec 06 11:36:54 AST 2020:
Shutting down instance 52da80c5-0176-3725-8fd6-0000110776e0 on database directory memory:/media/ninja/500GB ubuntu/projects/spring boot/course-api/8196ebf8-22ad-4e81-a48e-6a73d02fb5a8 with class loader jdk.internal.loader.ClassLoaders$AppClassLoader@3d4eac69 
----------------------------------------------------------------
Sun Dec 06 11:36:55 AST 2020:
Booting Derby version The Apache Software Foundation - Apache Derby - 10.14.2.0 - (1828579): instance e306c173-0176-3725-8fd6-0000110776e0 
on database directory memory:/media/ninja/500GB ubuntu/projects/spring boot/course-api/5c8ba0c2-77be-4745-abc3-2e4219589b33 with class loader jdk.internal.loader.ClassLoaders$AppClassLoader@3d4eac69 
Loaded from file:/home/ninja/.m2/repository/org/apache/derby/derby/10.14.2.0/derby-10.14.2.0.jar
java.vendor=Ubuntu
java.runtime.version=11.0.9.1+1-Ubuntu-0ubuntu1.20.10
user.dir=/media/ninja/500GB ubuntu/projects/spring boot/course-api
os.name=Linux
os.arch=amd64
os.version=5.8.0-31-generic
derby.system.home=null
Database Class Loader started - derby.database.classpath=''
----------------------------------------------------------------
Sun Dec 06 11:37:47 AST 2020:
Shutting down instance e306c173-0176-3725-8fd6-0000110776e0 on database directory memory:/media/ninja/500GB ubuntu/projects/spring boot/course-api/5c8ba0c2-77be-4745-abc3-2e4219589b33 with class loader jdk.internal.loader.ClassLoaders$AppClassLoader@3d4eac69 
----------------------------------------------------------------
Sun Dec 06 11:37:48 AST 2020:
Booting Derby version The Apache Software Foundation - Apache Derby - 10.14.2.0 - (1828579): instance 10c40221-0176-3725-8fd6-0000110776e0 
on database directory memory:/media/ninja/500GB ubuntu/projects/spring boot/course-api/66032413-dbb3-44a2-914f-4d6485e12c9b with class loader jdk.internal.loader.ClassLoaders$AppClassLoader@3d4eac69 
Loaded from file:/home/ninja/.m2/repository/org/apache/derby/derby/10.14.2.0/derby-10.14.2.0.jar
java.vendor=Ubuntu
java.runtime.version=11.0.9.1+1-Ubuntu-0ubuntu1.20.10
user.dir=/media/ninja/500GB ubuntu/projects/spring boot/course-api
os.name=Linux
os.arch=amd64
os.version=5.8.0-31-generic
derby.system.home=null
Database Class Loader started - derby.database.classpath=''
----------------------------------------------------------------
Sun Dec 06 11:39:04 AST 2020:
Shutting down instance 10c40221-0176-3725-8fd6-0000110776e0 on database directory memory:/media/ninja/500GB ubuntu/projects/spring boot/course-api/66032413-dbb3-44a2-914f-4d6485e12c9b with class loader jdk.internal.loader.ClassLoaders$AppClassLoader@3d4eac69 
----------------------------------------------------------------
Sun Dec 06 11:39:05 AST 2020:
Booting Derby version The Apache Software Foundation - Apache Derby - 10.14.2.0 - (1828579): instance 5c1242cf-0176-3725-8fd6-0000110776e0 
on database directory memory:/media/ninja/500GB ubuntu/projects/spring boot/course-api/e610334f-4d28-4c45-92fc-99dc1b1e8d75 with class loader jdk.internal.loader.ClassLoaders$AppClassLoader@3d4eac69 
Loaded from file:/home/ninja/.m2/repository/org/apache/derby/derby/10.14.2.0/derby-10.14.2.0.jar
java.vendor=Ubuntu
java.runtime.version=11.0.9.1+1-Ubuntu-0ubuntu1.20.10
user.dir=/media/ninja/500GB ubuntu/projects/spring boot/course-api
os.name=Linux
os.arch=amd64
os.version=5.8.0-31-generic
derby.system.home=null
Database Class Loader started - derby.database.classpath=''
----------------------------------------------------------------
Sun Dec 06 11:39:22 AST 2020:
Shutting down instance 5c1242cf-0176-3725-8fd6-0000110776e0 on database directory memory:/media/ninja/500GB ubuntu/projects/spring boot/course-api/e610334f-4d28-4c45-92fc-99dc1b1e8d75 with class loader jdk.internal.loader.ClassLoaders$AppClassLoader@3d4eac69 
----------------------------------------------------------------
Sun Dec 06 11:39:23 AST 2020:
Booting Derby version The Apache Software Foundation - Apache Derby - 10.14.2.0 - (1828579): instance 44f1837d-0176-3725-8fd6-0000110776e0 
on database directory memory:/media/ninja/500GB ubuntu/projects/spring boot/course-api/926e4a2c-25fb-4a19-8d50-b28e64e0cdcd with class loader jdk.internal.loader.ClassLoaders$AppClassLoader@3d4eac69 
Loaded from file:/home/ninja/.m2/repository/org/apache/derby/derby/10.14.2.0/derby-10.14.2.0.jar
java.vendor=Ubuntu
java.runtime.version=11.0.9.1+1-Ubuntu-0ubuntu1.20.10
user.dir=/media/ninja/500GB ubuntu/projects/spring boot/course-api
os.name=Linux
os.arch=amd64
os.version=5.8.0-31-generic
derby.system.home=null
Database Class Loader started - derby.database.classpath=''
